2023-01-22 15:53:55,172:INFO:PyCaret Supervised Module
2023-01-22 15:53:55,172:INFO:ML Usecase: regression
2023-01-22 15:53:55,172:INFO:version 2.3.10
2023-01-22 15:53:55,172:INFO:Initializing setup()
2023-01-22 15:53:55,173:INFO:setup(target=charges, ml_usecase=regression, available_plots={'parameter': 'Hyperparameters', 'residuals': 'Residuals', 'error': 'Prediction Error', 'cooks': 'Cooks Distance', 'rfe': 'Feature Selection', 'learning': 'Learning Curve', 'manifold': 'Manifold Learning', 'vc': 'Validation Curve', 'feature': 'Feature Importance', 'feature_all': 'Feature Importance (All)', 'tree': 'Decision Tree', 'residuals_interactive': 'Interactive Residuals'}, train_size=0.7, test_data=None, preprocess=True, imputation_type=simple, iterative_imputation_iters=5, categorical_features=None, categorical_imputation=constant, categorical_iterative_imputer=lightgbm, ordinal_features=None, high_cardinality_features=None, high_cardinality_method=frequency, numeric_features=None, numeric_imputation=mean, numeric_iterative_imputer=lightgbm, date_features=None, ignore_features=None, normalize=True, normalize_method=zscore, transformation=False, transformation_method=yeo-johnson, handle_unknown_categorical=True, unknown_categorical_method=least_frequent, pca=False, pca_method=linear, pca_components=None, ignore_low_variance=False, combine_rare_levels=False, rare_level_threshold=0.1, bin_numeric_features=['age', 'bmi'], remove_outliers=False, outliers_threshold=0.05, remove_multicollinearity=False, multicollinearity_threshold=0.9, remove_perfect_collinearity=True, create_clusters=False, cluster_iter=20, polynomial_features=True, polynomial_degree=2, trigonometry_features=True, polynomial_threshold=0.1, group_features=None, group_names=None, feature_selection=False, feature_selection_threshold=0.8, feature_selection_method=classic, feature_interaction=True, feature_ratio=False, interaction_threshold=0.01, fix_imbalance=False, fix_imbalance_method=None, transform_target=False, transform_target_method=box-cox, data_split_shuffle=True, data_split_stratify=False, fold_strategy=kfold, fold=10, fold_shuffle=False, fold_groups=None, n_jobs=-1, use_gpu=False, custom_pipeline=None, html=True, session_id=123, log_experiment=False, experiment_name=None, experiment_custom_tags=None, log_plots=False, log_profile=False, log_data=False, silent=False, verbose=True, profile=False, profile_kwargs=None, display=None)
2023-01-22 15:53:55,173:INFO:Checking environment
2023-01-22 15:53:55,173:INFO:python_version: 3.9.2
2023-01-22 15:53:55,173:INFO:python_build: ('default', 'Feb 28 2021 17:03:44')
2023-01-22 15:53:55,173:INFO:machine: x86_64
2023-01-22 15:53:55,182:INFO:platform: Linux-6.0.0-2parrot1-amd64-x86_64-with-glibc2.31
2023-01-22 15:53:55,182:INFO:Memory: svmem(total=67140456448, available=46794407936, percent=30.3, used=18089668608, free=23001149440, active=17625169920, inactive=17738510336, buffers=3272704, cached=26046365696, shared=1525010432, slab=2945789952)
2023-01-22 15:53:55,183:INFO:Physical Core: 6
2023-01-22 15:53:55,183:INFO:Logical Core: 12
2023-01-22 15:53:55,183:INFO:Checking libraries
2023-01-22 15:53:55,183:INFO:pd==1.5.3
2023-01-22 15:53:55,183:INFO:numpy==1.20.3
2023-01-22 15:53:55,183:INFO:sklearn==0.23.2
2023-01-22 15:53:55,183:INFO:lightgbm==3.3.4
2023-01-22 15:53:55,184:WARNING:catboost not found
2023-01-22 15:53:55,184:WARNING:xgboost not found
2023-01-22 15:53:55,184:INFO:mlflow==2.1.1
2023-01-22 15:53:55,184:INFO:Checking Exceptions
2023-01-22 15:53:55,184:INFO:Declaring global variables
2023-01-22 15:53:55,184:INFO:USI: a326
2023-01-22 15:53:55,184:INFO:pycaret_globals: {'dashboard_logger', 'target_param', '_gpu_n_jobs_param', 'fold_groups_param', 'y', '_all_metrics', '_all_models', 'X_train', 'y_test', 'data_before_preprocess', 'html_param', '_all_models_internal', 'imputation_regressor', 'logging_param', 'transform_target_param', 'fold_shuffle_param', '_internal_pipeline', 'fold_param', 'fix_imbalance_method_param', 'fold_groups_param_full', 'prep_pipe', 'fold_generator', 'exp_name_log', 'log_plots_param', 'imputation_classifier', 'seed', 'experiment__', 'USI', 'pycaret_globals', 'y_train', 'display_container', 'master_model_container', 'fix_imbalance_param', 'create_model_container', 'stratify_param', 'transform_target_method_param', 'X', 'n_jobs_param', 'iterative_imputation_iters_param', '_ml_usecase', '_available_plots', 'X_test', 'gpu_param'}
2023-01-22 15:53:55,184:INFO:Preparing display monitor
2023-01-22 15:53:55,184:INFO:Preparing display monitor
2023-01-22 15:53:55,188:INFO:Importing libraries
2023-01-22 15:53:55,189:INFO:Copying data for preprocessing
2023-01-22 15:53:55,190:INFO:Declaring preprocessing parameters
2023-01-22 15:53:55,191:INFO:Creating preprocessing pipeline
2023-01-22 15:53:55,194:INFO:Preprocessing pipeline created successfully
2023-01-22 15:53:55,194:ERROR:(Process Exit): setup has been interupted with user command 'quit'. setup must rerun.
2023-01-22 15:53:55,194:INFO:Creating global containers
2023-01-22 15:53:55,195:INFO:Internal pipeline: Pipeline(memory=None, steps=[('empty_step', 'passthrough')], verbose=False)
2023-01-22 16:00:30,172:WARNING:Couldn't import xgboost.XGBRegressor
2023-01-22 16:00:30,172:WARNING:Couldn't import catboost.CatBoostRegressor
2023-01-22 16:00:30,255:WARNING:Couldn't import xgboost.XGBRegressor
2023-01-22 16:00:30,255:WARNING:Couldn't import catboost.CatBoostRegressor
2023-01-22 16:00:30,255:INFO:Creating grid variables
2023-01-22 16:00:30,257:INFO:create_model_container: 0
2023-01-22 16:00:30,257:INFO:master_model_container: 0
2023-01-22 16:00:30,257:INFO:display_container: 1
2023-01-22 16:00:30,262:INFO:Pipeline(memory=None,
         steps=[('dtypes',
                 DataTypes_Auto_infer(categorical_features=[],
                                      display_types=True, features_todrop=[],
                                      id_columns=[], ml_usecase='regression',
                                      numerical_features=[], target='charges',
                                      time_features=[])),
                ('imputer',
                 Simple_Imputer(categorical_strategy='not_available',
                                fill_value_categorical=None,
                                fill_value_numerical=None,
                                numeric_strategy...
                ('dummy', Dummify(target='charges')),
                ('fix_perfect', Remove_100(target='charges')),
                ('clean_names', Clean_Colum_Names()),
                ('feature_select', 'passthrough'), ('fix_multi', 'passthrough'),
                ('dfs',
                 DFS_Classic(interactions=['multiply'], ml_usecase='regression',
                             n_jobs=-1, random_state=123, subclass='binary',
                             target='charges',
                             top_features_to_pick_percentage=None)),
                ('pca', 'passthrough')],
         verbose=False)
2023-01-22 16:00:30,262:INFO:setup() succesfully completed......................................
2023-01-22 16:01:19,627:INFO:PyCaret Supervised Module
2023-01-22 16:01:19,627:INFO:ML Usecase: regression
2023-01-22 16:01:19,627:INFO:version 2.3.10
2023-01-22 16:01:19,627:INFO:Initializing setup()
2023-01-22 16:01:19,627:INFO:setup(target=charges, ml_usecase=regression, available_plots={'parameter': 'Hyperparameters', 'residuals': 'Residuals', 'error': 'Prediction Error', 'cooks': 'Cooks Distance', 'rfe': 'Feature Selection', 'learning': 'Learning Curve', 'manifold': 'Manifold Learning', 'vc': 'Validation Curve', 'feature': 'Feature Importance', 'feature_all': 'Feature Importance (All)', 'tree': 'Decision Tree', 'residuals_interactive': 'Interactive Residuals'}, train_size=0.7, test_data=None, preprocess=True, imputation_type=simple, iterative_imputation_iters=5, categorical_features=None, categorical_imputation=constant, categorical_iterative_imputer=lightgbm, ordinal_features=None, high_cardinality_features=None, high_cardinality_method=frequency, numeric_features=None, numeric_imputation=mean, numeric_iterative_imputer=lightgbm, date_features=None, ignore_features=None, normalize=True, normalize_method=zscore, transformation=False, transformation_method=yeo-johnson, handle_unknown_categorical=True, unknown_categorical_method=least_frequent, pca=False, pca_method=linear, pca_components=None, ignore_low_variance=False, combine_rare_levels=False, rare_level_threshold=0.1, bin_numeric_features=['age', 'bmi'], remove_outliers=False, outliers_threshold=0.05, remove_multicollinearity=False, multicollinearity_threshold=0.9, remove_perfect_collinearity=True, create_clusters=False, cluster_iter=20, polynomial_features=True, polynomial_degree=2, trigonometry_features=True, polynomial_threshold=0.1, group_features=None, group_names=None, feature_selection=False, feature_selection_threshold=0.8, feature_selection_method=classic, feature_interaction=True, feature_ratio=False, interaction_threshold=0.01, fix_imbalance=False, fix_imbalance_method=None, transform_target=False, transform_target_method=box-cox, data_split_shuffle=True, data_split_stratify=False, fold_strategy=kfold, fold=10, fold_shuffle=False, fold_groups=None, n_jobs=-1, use_gpu=False, custom_pipeline=None, html=True, session_id=123, log_experiment=False, experiment_name=None, experiment_custom_tags=None, log_plots=False, log_profile=False, log_data=False, silent=False, verbose=True, profile=False, profile_kwargs=None, display=None)
2023-01-22 16:01:19,627:INFO:Checking environment
2023-01-22 16:01:19,628:INFO:python_version: 3.9.2
2023-01-22 16:01:19,628:INFO:python_build: ('default', 'Feb 28 2021 17:03:44')
2023-01-22 16:01:19,628:INFO:machine: x86_64
2023-01-22 16:01:19,638:INFO:platform: Linux-6.0.0-2parrot1-amd64-x86_64-with-glibc2.31
2023-01-22 16:01:19,639:INFO:Memory: svmem(total=67140456448, available=46785069056, percent=30.3, used=18085564416, free=22987202560, active=17731629056, inactive=17618345984, buffers=3272704, cached=26064416768, shared=1538453504, slab=2946338816)
2023-01-22 16:01:19,639:INFO:Physical Core: 6
2023-01-22 16:01:19,639:INFO:Logical Core: 12
2023-01-22 16:01:19,639:INFO:Checking libraries
2023-01-22 16:01:19,640:INFO:pd==1.5.3
2023-01-22 16:01:19,640:INFO:numpy==1.20.3
2023-01-22 16:01:19,640:INFO:sklearn==0.23.2
2023-01-22 16:01:19,640:INFO:lightgbm==3.3.4
2023-01-22 16:01:19,640:WARNING:catboost not found
2023-01-22 16:01:19,640:WARNING:xgboost not found
2023-01-22 16:01:19,640:INFO:mlflow==2.1.1
2023-01-22 16:01:19,640:INFO:Checking Exceptions
2023-01-22 16:01:19,640:INFO:Declaring global variables
2023-01-22 16:01:19,640:INFO:USI: cb13
2023-01-22 16:01:19,641:INFO:pycaret_globals: {'target_param', 'fold_shuffle_param', 'n_jobs_param', 'imputation_regressor', '_gpu_n_jobs_param', '_all_models_internal', 'log_plots_param', 'logging_param', 'data_before_preprocess', 'stratify_param', 'fold_generator', 'fix_imbalance_method_param', 'fold_param', 'html_param', 'y_test', 'X', 'create_model_container', 'fold_groups_param_full', '_all_metrics', 'iterative_imputation_iters_param', 'fix_imbalance_param', '_all_models', '_ml_usecase', 'experiment__', '_internal_pipeline', '_available_plots', 'dashboard_logger', 'pycaret_globals', 'USI', 'imputation_classifier', 'prep_pipe', 'transform_target_param', 'y', 'X_test', 'fold_groups_param', 'exp_name_log', 'display_container', 'gpu_param', 'master_model_container', 'y_train', 'X_train', 'transform_target_method_param', 'seed'}
2023-01-22 16:01:19,641:INFO:Preparing display monitor
2023-01-22 16:01:19,641:INFO:Preparing display monitor
2023-01-22 16:01:19,731:INFO:Importing libraries
2023-01-22 16:01:19,731:INFO:Copying data for preprocessing
2023-01-22 16:01:19,736:INFO:Declaring preprocessing parameters
2023-01-22 16:01:19,738:INFO:Creating preprocessing pipeline
2023-01-22 16:01:19,745:INFO:Preprocessing pipeline created successfully
2023-01-22 16:01:19,746:ERROR:(Process Exit): setup has been interupted with user command 'quit'. setup must rerun.
2023-01-22 16:01:19,746:INFO:Creating global containers
2023-01-22 16:01:19,747:INFO:Internal pipeline: Pipeline(memory=None, steps=[('empty_step', 'passthrough')], verbose=False)
2023-01-22 16:01:21,730:WARNING:Couldn't import xgboost.XGBRegressor
2023-01-22 16:01:21,730:WARNING:Couldn't import catboost.CatBoostRegressor
2023-01-22 16:01:21,812:WARNING:Couldn't import xgboost.XGBRegressor
2023-01-22 16:01:21,812:WARNING:Couldn't import catboost.CatBoostRegressor
2023-01-22 16:01:21,812:INFO:Creating grid variables
2023-01-22 16:01:21,814:INFO:create_model_container: 0
2023-01-22 16:01:21,814:INFO:master_model_container: 0
2023-01-22 16:01:21,814:INFO:display_container: 1
2023-01-22 16:01:21,819:INFO:Pipeline(memory=None,
         steps=[('dtypes',
                 DataTypes_Auto_infer(categorical_features=[],
                                      display_types=True, features_todrop=[],
                                      id_columns=[], ml_usecase='regression',
                                      numerical_features=[], target='charges',
                                      time_features=[])),
                ('imputer',
                 Simple_Imputer(categorical_strategy='not_available',
                                fill_value_categorical=None,
                                fill_value_numerical=None,
                                numeric_strategy...
                ('dummy', Dummify(target='charges')),
                ('fix_perfect', Remove_100(target='charges')),
                ('clean_names', Clean_Colum_Names()),
                ('feature_select', 'passthrough'), ('fix_multi', 'passthrough'),
                ('dfs',
                 DFS_Classic(interactions=['multiply'], ml_usecase='regression',
                             n_jobs=-1, random_state=123, subclass='binary',
                             target='charges',
                             top_features_to_pick_percentage=None)),
                ('pca', 'passthrough')],
         verbose=False)
2023-01-22 16:01:21,819:INFO:setup() succesfully completed......................................
2023-01-22 16:01:21,888:INFO:Initializing create_model()
2023-01-22 16:01:21,888:INFO:create_model(estimator=lr, fold=None, round=4, cross_validation=True, predict=True, fit_kwargs=None, groups=None, refit=True, verbose=True, system=True, metrics=None, experiment_custom_tags=None, add_to_model_list=True, probability_threshold=None, display=None, return_train_score=False, kwargs={})
2023-01-22 16:01:21,888:INFO:Checking exceptions
2023-01-22 16:01:21,888:INFO:Preparing display monitor
2023-01-22 16:01:21,899:INFO:Importing libraries
2023-01-22 16:01:21,899:INFO:Copying training dataset
2023-01-22 16:01:21,900:INFO:Defining folds
2023-01-22 16:01:21,900:INFO:Declaring metric variables
2023-01-22 16:01:21,908:INFO:Importing untrained model
2023-01-22 16:01:21,916:INFO:Linear Regression Imported succesfully
2023-01-22 16:01:21,929:INFO:Starting cross validation
2023-01-22 16:01:21,932:INFO:Cross validating with KFold(n_splits=10, random_state=None, shuffle=False), n_jobs=-1
2023-01-22 16:01:24,056:INFO:Calculating mean and std
2023-01-22 16:01:24,056:INFO:Creating metrics dataframe
2023-01-22 16:01:24,071:INFO:Finalizing model
2023-01-22 16:01:24,097:INFO:Uploading results into container
2023-01-22 16:01:24,097:INFO:Uploading model into container now
2023-01-22 16:01:24,098:INFO:create_model_container: 1
2023-01-22 16:01:24,098:INFO:master_model_container: 1
2023-01-22 16:01:24,098:INFO:display_container: 2
2023-01-22 16:01:24,098:INFO:LinearRegression(copy_X=True, fit_intercept=True, n_jobs=-1, normalize=False)
2023-01-22 16:01:24,098:INFO:create_model() succesfully completed......................................
2023-01-22 16:01:24,168:INFO:Initializing plot_model()
2023-01-22 16:01:24,168:INFO:plot_model(fold=None, use_train_data=False, verbose=True, is_in_evaluate=False, display=None, display_format=None, estimator=LinearRegression(copy_X=True, fit_intercept=True, n_jobs=-1, normalize=False), feature_name=None, fit_kwargs=None, groups=None, label=False, plot=residuals, plot_kwargs=None, save=False, scale=1, system=True)
2023-01-22 16:01:24,168:INFO:Checking exceptions
2023-01-22 16:01:24,168:INFO:Preparing display monitor
2023-01-22 16:01:24,169:INFO:Preloading libraries
2023-01-22 16:01:24,170:INFO:Copying training dataset
2023-01-22 16:01:24,170:INFO:Copying test dataset
2023-01-22 16:01:24,170:INFO:Plot type: residuals
2023-01-22 16:01:24,346:INFO:Fitting Model
2023-01-22 16:01:24,394:INFO:Scoring test/hold-out set
2023-01-22 16:03:48,331:INFO:PyCaret Supervised Module
2023-01-22 16:03:48,331:INFO:ML Usecase: regression
2023-01-22 16:03:48,331:INFO:version 2.3.10
2023-01-22 16:03:48,331:INFO:Initializing setup()
2023-01-22 16:03:48,331:INFO:setup(target=charges, ml_usecase=regression, available_plots={'parameter': 'Hyperparameters', 'residuals': 'Residuals', 'error': 'Prediction Error', 'cooks': 'Cooks Distance', 'rfe': 'Feature Selection', 'learning': 'Learning Curve', 'manifold': 'Manifold Learning', 'vc': 'Validation Curve', 'feature': 'Feature Importance', 'feature_all': 'Feature Importance (All)', 'tree': 'Decision Tree', 'residuals_interactive': 'Interactive Residuals'}, train_size=0.7, test_data=None, preprocess=True, imputation_type=simple, iterative_imputation_iters=5, categorical_features=None, categorical_imputation=constant, categorical_iterative_imputer=lightgbm, ordinal_features=None, high_cardinality_features=None, high_cardinality_method=frequency, numeric_features=None, numeric_imputation=mean, numeric_iterative_imputer=lightgbm, date_features=None, ignore_features=None, normalize=True, normalize_method=zscore, transformation=False, transformation_method=yeo-johnson, handle_unknown_categorical=True, unknown_categorical_method=least_frequent, pca=False, pca_method=linear, pca_components=None, ignore_low_variance=False, combine_rare_levels=False, rare_level_threshold=0.1, bin_numeric_features=['age', 'bmi'], remove_outliers=False, outliers_threshold=0.05, remove_multicollinearity=False, multicollinearity_threshold=0.9, remove_perfect_collinearity=True, create_clusters=False, cluster_iter=20, polynomial_features=True, polynomial_degree=2, trigonometry_features=True, polynomial_threshold=0.1, group_features=None, group_names=None, feature_selection=False, feature_selection_threshold=0.8, feature_selection_method=classic, feature_interaction=True, feature_ratio=False, interaction_threshold=0.01, fix_imbalance=False, fix_imbalance_method=None, transform_target=False, transform_target_method=box-cox, data_split_shuffle=True, data_split_stratify=False, fold_strategy=kfold, fold=10, fold_shuffle=False, fold_groups=None, n_jobs=-1, use_gpu=False, custom_pipeline=None, html=True, session_id=123, log_experiment=False, experiment_name=None, experiment_custom_tags=None, log_plots=False, log_profile=False, log_data=False, silent=False, verbose=True, profile=False, profile_kwargs=None, display=None)
2023-01-22 16:03:48,331:INFO:Checking environment
2023-01-22 16:03:48,331:INFO:python_version: 3.9.2
2023-01-22 16:03:48,331:INFO:python_build: ('default', 'Feb 28 2021 17:03:44')
2023-01-22 16:03:48,331:INFO:machine: x86_64
2023-01-22 16:03:48,341:INFO:platform: Linux-6.0.0-2parrot1-amd64-x86_64-with-glibc2.31
2023-01-22 16:03:48,341:INFO:Memory: svmem(total=67140456448, available=46679711744, percent=30.5, used=18151661568, free=22873731072, active=17748144128, inactive=17643905024, buffers=3272704, cached=26111791104, shared=1577713664, slab=2946813952)
2023-01-22 16:03:48,342:INFO:Physical Core: 6
2023-01-22 16:03:48,342:INFO:Logical Core: 12
2023-01-22 16:03:48,342:INFO:Checking libraries
2023-01-22 16:03:48,342:INFO:pd==1.5.3
2023-01-22 16:03:48,342:INFO:numpy==1.20.3
2023-01-22 16:03:48,342:INFO:sklearn==0.23.2
2023-01-22 16:03:48,342:INFO:lightgbm==3.3.4
2023-01-22 16:03:48,342:WARNING:catboost not found
2023-01-22 16:03:48,342:WARNING:xgboost not found
2023-01-22 16:03:48,342:INFO:mlflow==2.1.1
2023-01-22 16:03:48,342:INFO:Checking Exceptions
2023-01-22 16:03:48,343:INFO:Declaring global variables
2023-01-22 16:03:48,343:INFO:USI: 37be
2023-01-22 16:03:48,343:INFO:pycaret_globals: {'X_train', 'imputation_classifier', 'fold_generator', 'fix_imbalance_param', 'n_jobs_param', 'dashboard_logger', 'master_model_container', '_all_metrics', '_ml_usecase', 'seed', '_gpu_n_jobs_param', 'fold_groups_param_full', '_all_models', 'logging_param', 'exp_name_log', 'imputation_regressor', 'html_param', 'gpu_param', 'USI', 'fold_param', 'X_test', 'y_train', 'y_test', 'transform_target_method_param', 'fold_shuffle_param', 'fold_groups_param', 'log_plots_param', 'create_model_container', 'prep_pipe', 'stratify_param', 'y', 'X', 'target_param', 'pycaret_globals', 'data_before_preprocess', 'fix_imbalance_method_param', '_available_plots', '_all_models_internal', 'transform_target_param', 'display_container', 'experiment__', '_internal_pipeline', 'iterative_imputation_iters_param'}
2023-01-22 16:03:48,343:INFO:Preparing display monitor
2023-01-22 16:03:48,343:INFO:Preparing display monitor
2023-01-22 16:03:48,420:INFO:Importing libraries
2023-01-22 16:03:48,420:INFO:Copying data for preprocessing
2023-01-22 16:03:48,423:INFO:Declaring preprocessing parameters
2023-01-22 16:03:48,425:INFO:Creating preprocessing pipeline
2023-01-22 16:03:48,430:INFO:Preprocessing pipeline created successfully
2023-01-22 16:03:48,430:ERROR:(Process Exit): setup has been interupted with user command 'quit'. setup must rerun.
2023-01-22 16:03:48,430:INFO:Creating global containers
2023-01-22 16:03:48,431:INFO:Internal pipeline: Pipeline(memory=None, steps=[('empty_step', 'passthrough')], verbose=False)
2023-01-22 16:03:50,439:WARNING:Couldn't import xgboost.XGBRegressor
2023-01-22 16:03:50,439:WARNING:Couldn't import catboost.CatBoostRegressor
2023-01-22 16:03:50,522:WARNING:Couldn't import xgboost.XGBRegressor
2023-01-22 16:03:50,522:WARNING:Couldn't import catboost.CatBoostRegressor
2023-01-22 16:03:50,522:INFO:Creating grid variables
2023-01-22 16:03:50,524:INFO:create_model_container: 0
2023-01-22 16:03:50,524:INFO:master_model_container: 0
2023-01-22 16:03:50,524:INFO:display_container: 1
2023-01-22 16:03:50,529:INFO:Pipeline(memory=None,
         steps=[('dtypes',
                 DataTypes_Auto_infer(categorical_features=[],
                                      display_types=True, features_todrop=[],
                                      id_columns=[], ml_usecase='regression',
                                      numerical_features=[], target='charges',
                                      time_features=[])),
                ('imputer',
                 Simple_Imputer(categorical_strategy='not_available',
                                fill_value_categorical=None,
                                fill_value_numerical=None,
                                numeric_strategy...
                ('dummy', Dummify(target='charges')),
                ('fix_perfect', Remove_100(target='charges')),
                ('clean_names', Clean_Colum_Names()),
                ('feature_select', 'passthrough'), ('fix_multi', 'passthrough'),
                ('dfs',
                 DFS_Classic(interactions=['multiply'], ml_usecase='regression',
                             n_jobs=-1, random_state=123, subclass='binary',
                             target='charges',
                             top_features_to_pick_percentage=None)),
                ('pca', 'passthrough')],
         verbose=False)
2023-01-22 16:03:50,529:INFO:setup() succesfully completed......................................
2023-01-22 16:03:50,599:INFO:Initializing create_model()
2023-01-22 16:03:50,599:INFO:create_model(estimator=lr, fold=None, round=4, cross_validation=True, predict=True, fit_kwargs=None, groups=None, refit=True, verbose=True, system=True, metrics=None, experiment_custom_tags=None, add_to_model_list=True, probability_threshold=None, display=None, return_train_score=False, kwargs={})
2023-01-22 16:03:50,599:INFO:Checking exceptions
2023-01-22 16:03:50,599:INFO:Preparing display monitor
2023-01-22 16:03:50,610:INFO:Importing libraries
2023-01-22 16:03:50,610:INFO:Copying training dataset
2023-01-22 16:03:50,610:INFO:Defining folds
2023-01-22 16:03:50,610:INFO:Declaring metric variables
2023-01-22 16:03:50,618:INFO:Importing untrained model
2023-01-22 16:03:50,626:INFO:Linear Regression Imported succesfully
2023-01-22 16:03:50,639:INFO:Starting cross validation
2023-01-22 16:03:50,641:INFO:Cross validating with KFold(n_splits=10, random_state=None, shuffle=False), n_jobs=-1
2023-01-22 16:03:52,836:INFO:Calculating mean and std
2023-01-22 16:03:52,837:INFO:Creating metrics dataframe
2023-01-22 16:03:52,848:INFO:Finalizing model
2023-01-22 16:03:52,862:INFO:Uploading results into container
2023-01-22 16:03:52,862:INFO:Uploading model into container now
2023-01-22 16:03:52,864:INFO:create_model_container: 1
2023-01-22 16:03:52,864:INFO:master_model_container: 1
2023-01-22 16:03:52,864:INFO:display_container: 2
2023-01-22 16:03:52,865:INFO:LinearRegression(copy_X=True, fit_intercept=True, n_jobs=-1, normalize=False)
2023-01-22 16:03:52,865:INFO:create_model() succesfully completed......................................
2023-01-22 16:03:52,957:INFO:Initializing save_model()
2023-01-22 16:03:52,958:INFO:save_model(model=LinearRegression(copy_X=True, fit_intercept=True, n_jobs=-1, normalize=False), model_name=deployment_28042020, prep_pipe_=Pipeline(memory=None,
         steps=[('dtypes',
                 DataTypes_Auto_infer(categorical_features=[],
                                      display_types=True, features_todrop=[],
                                      id_columns=[], ml_usecase='regression',
                                      numerical_features=[], target='charges',
                                      time_features=[])),
                ('imputer',
                 Simple_Imputer(categorical_strategy='not_available',
                                fill_value_categorical=None,
                                fill_value_numerical=None,
                                numeric_strategy...
                ('dummy', Dummify(target='charges')),
                ('fix_perfect', Remove_100(target='charges')),
                ('clean_names', Clean_Colum_Names()),
                ('feature_select', 'passthrough'), ('fix_multi', 'passthrough'),
                ('dfs',
                 DFS_Classic(interactions=['multiply'], ml_usecase='regression',
                             n_jobs=-1, random_state=123, subclass='binary',
                             target='charges',
                             top_features_to_pick_percentage=None)),
                ('pca', 'passthrough')],
         verbose=False), verbose=True, kwargs={})
2023-01-22 16:03:52,958:INFO:Adding model into prep_pipe
2023-01-22 16:03:52,973:INFO:deployment_28042020.pkl saved in current working directory
2023-01-22 16:03:52,981:INFO:Pipeline(memory=None,
         steps=[('dtypes',
                 DataTypes_Auto_infer(categorical_features=[],
                                      display_types=True, features_todrop=[],
                                      id_columns=[], ml_usecase='regression',
                                      numerical_features=[], target='charges',
                                      time_features=[])),
                ('imputer',
                 Simple_Imputer(categorical_strategy='not_available',
                                fill_value_categorical=None,
                                fill_value_numerical=None,
                                numeric_strategy...
                ('feature_select', 'passthrough'), ('fix_multi', 'passthrough'),
                ('dfs',
                 DFS_Classic(interactions=['multiply'], ml_usecase='regression',
                             n_jobs=-1, random_state=123, subclass='binary',
                             target='charges',
                             top_features_to_pick_percentage=None)),
                ('pca', 'passthrough'),
                ['trained_model',
                 LinearRegression(copy_X=True, fit_intercept=True, n_jobs=-1,
                                  normalize=False)]],
         verbose=False)
2023-01-22 16:03:52,981:INFO:save_model() successfully completed......................................
2023-01-22 16:11:50,104:INFO:Initializing load_model()
2023-01-22 16:11:50,104:INFO:load_model(model_name=, platform=None, authentication=None, verbose=True)
2023-01-22 16:12:15,986:INFO:Initializing load_model()
2023-01-22 16:12:15,986:INFO:load_model(model_name=deployment_28042020, platform=None, authentication=None, verbose=True)
2023-01-22 16:13:45,691:INFO:Initializing load_model()
2023-01-22 16:13:45,691:INFO:load_model(model_name=deployment_28042020, platform=None, authentication=None, verbose=True)
2023-01-22 16:13:47,450:INFO:Initializing load_model()
2023-01-22 16:13:47,450:INFO:load_model(model_name=deployment_28042020, platform=None, authentication=None, verbose=True)
2023-01-22 16:20:32,553:INFO:Initializing load_model()
2023-01-22 16:20:32,553:INFO:load_model(model_name=deployment_28042020, platform=None, authentication=None, verbose=True)
2023-01-22 16:20:34,326:INFO:Initializing load_model()
2023-01-22 16:20:34,326:INFO:load_model(model_name=deployment_28042020, platform=None, authentication=None, verbose=True)
2023-01-22 16:24:33,474:INFO:Initializing load_model()
2023-01-22 16:24:33,474:INFO:load_model(model_name=deployment_28042020, platform=None, authentication=None, verbose=True)
2023-01-22 16:24:35,399:INFO:Initializing load_model()
2023-01-22 16:24:35,399:INFO:load_model(model_name=deployment_28042020, platform=None, authentication=None, verbose=True)
2023-01-22 16:29:19,418:INFO:Initializing load_model()
2023-01-22 16:29:19,418:INFO:load_model(model_name=deployment_28042020, platform=None, authentication=None, verbose=True)
2023-01-22 16:29:21,266:INFO:Initializing load_model()
2023-01-22 16:29:21,266:INFO:load_model(model_name=deployment_28042020, platform=None, authentication=None, verbose=True)
2023-01-22 16:30:28,820:INFO:Initializing load_model()
2023-01-22 16:30:28,820:INFO:load_model(model_name=deployment_28042020, platform=None, authentication=None, verbose=True)
2023-01-22 16:30:30,566:INFO:Initializing load_model()
2023-01-22 16:30:30,566:INFO:load_model(model_name=deployment_28042020, platform=None, authentication=None, verbose=True)
2023-01-22 16:31:52,909:INFO:Initializing load_model()
2023-01-22 16:31:52,909:INFO:load_model(model_name=deployment_28042020, platform=None, authentication=None, verbose=True)
2023-01-22 16:31:54,692:INFO:Initializing load_model()
2023-01-22 16:31:54,692:INFO:load_model(model_name=deployment_28042020, platform=None, authentication=None, verbose=True)
2023-01-22 16:34:35,681:INFO:Initializing load_model()
2023-01-22 16:34:35,681:INFO:load_model(model_name=deployment_28042020, platform=None, authentication=None, verbose=True)
2023-01-22 16:34:37,470:INFO:Initializing load_model()
2023-01-22 16:34:37,470:INFO:load_model(model_name=deployment_28042020, platform=None, authentication=None, verbose=True)
2023-01-22 16:44:07,032:INFO:Initializing load_model()
2023-01-22 16:44:07,032:INFO:load_model(model_name=deployment_28042020, platform=None, authentication=None, verbose=True)
2023-01-22 16:44:08,789:INFO:Initializing load_model()
2023-01-22 16:44:08,789:INFO:load_model(model_name=deployment_28042020, platform=None, authentication=None, verbose=True)
